<?xml version="1.0" encoding="UTF-8"?>
<testsuite name="Call reasons parameterization" tests="2" skipped="0" failures="1" errors="0" timestamp="2021-12-29T19:41:35" hostname="ANKCRM38M" time="57.923">
  <properties/>
  <testcase name="Successful call reasons Service Request Not Catastrophic Event" classname="Call reasons parameterization" time="22.459">
    <failure message="java.lang.AssertionError: &#10;Expecting This the toast validation with text value that is equal to: &lt;&quot;Registro guardado correctamente&quot;&gt;&#10;But got.............................................................: &lt;&quot;No se puede guardar, Ya se encuentra parametrizado un servicio de llamada con el mismo nombre&quot;&gt;" type="java.lang.AssertionError">java.lang.AssertionError: 
Expecting This the toast validation with text value that is equal to: &lt;&quot;Registro guardado correctamente&quot;&gt;
But got.............................................................: &lt;&quot;No se puede guardar, Ya se encuentra parametrizado un servicio de llamada con el mismo nombre&quot;&gt;
	at net.serenitybdd.screenplay.ensure.PerformableExpectation.performAs(Ensure.kt:49)
	at net.serenitybdd.screenplay.Actor.performTask(Actor.java:232)
	at net.serenitybdd.screenplay.Actor.perform(Actor.java:213)
	at net.serenitybdd.screenplay.Actor.performWithoutReporting(Actor.java:197)
	at net.serenitybdd.screenplay.Actor.attemptsTo(Actor.java:168)
	at co.konecta.sura.certificate.stepsdefinitions.parameterization.CallReasonsParameterizationStepsDefinitions.IViewTheModalSaveCallReasonsParameterization(CallReasonsParameterizationStepsDefinitions.java:77)
	at ✽.I view the modal save call reasons parameterization Registro guardado correctamente(src/test/resources/features/callreasonsparameterization.feature:45)
</failure>
  </testcase>
  <testcase name="Successful call reasons Service Request Not Catastrophic Event" classname="Call reasons parameterization" time="35.461"/>
  <system-out><![CDATA[]]></system-out>
  <system-err><![CDATA[dic 29, 2021 2:41:35 PM org.openqa.selenium.remote.DesiredCapabilities chrome
INFORMACIÓN: Using `new ChromeOptions()` is preferred to `DesiredCapabilities.chrome()`
[Test worker] INFO net.serenitybdd.core.webdriver.driverproviders.ProvideNewDriver - Instantiating driver
[Test worker] INFO net.serenitybdd.core.webdriver.driverproviders.ProvideNewDriver - Driver capabilities: Capabilities {acceptInsecureCerts: false, browserName: chrome, chrome.switches: --start-maximized;--test-ty..., goog:chromeOptions: {args: [--start-maximized, --test-type, --no-sandbox, --ignore-certificate-errors..., --disable-popup-blocking, --disable-default-apps, --disable-extensions-file-a..., --incognito, --disable-infobars, --disable-gpu, --enable-automation, --test-type], extensions: []}, platform: ANY, version: }
Starting ChromeDriver 92.0.4515.107 (87a818b10553a07434ea9e2b6dccf3cbe7895134-refs/branch-heads/4515@{#1634}) on port 32602
Only local connections are allowed.
Please see https://chromedriver.chromium.org/security-considerations for suggestions on keeping ChromeDriver safe.
ChromeDriver was started successfully.
dic 29, 2021 2:41:39 PM org.openqa.selenium.remote.ProtocolHandshake createSession
INFORMACIÓN: Detected dialect: W3C
[Test worker] ERROR net.thucydides.core.steps.ConsoleLoggingListener - 
           __  _____ _____ ____ _____   _____ _    ___ _     _____ ____  
  _       / / |_   _| ____/ ___|_   _| |  ___/ \  |_ _| |   | ____|  _ \ 
 (_)_____| |    | | |  _| \___ \ | |   | |_ / _ \  | || |   |  _| | | | |
  _|_____| |    | | | |___ ___) || |   |  _/ ___ \ | || |___| |___| |_| |
 (_)     | |    |_| |_____|____/ |_|   |_|/_/   \_\___|_____|_____|____/ 
          \_\                                                            

TEST FAILED: Successful call reasons Service Request Not Catastrophic Event
--------------------------------------------------------------------------
[Test worker] ERROR net.thucydides.core.steps.ConsoleLoggingListener - TEST FAILED AT STEP Then I view the modal save call reasons parameterization Registro guardado correctamente
[Test worker] ERROR net.thucydides.core.steps.ConsoleLoggingListener - Expecting This the toast validation with text value that is equal to: <"Registro guardado correctamente">But got.............................................................: <"No se puede guardar, Ya se encuentra parametrizado un servicio de llamada con el mismo nombre">
dic 29, 2021 2:41:57 PM org.openqa.selenium.remote.DesiredCapabilities chrome
INFORMACIÓN: Using `new ChromeOptions()` is preferred to `DesiredCapabilities.chrome()`
[Test worker] INFO net.serenitybdd.core.webdriver.driverproviders.ProvideNewDriver - Instantiating driver
[Test worker] INFO net.serenitybdd.core.webdriver.driverproviders.ProvideNewDriver - Driver capabilities: Capabilities {acceptInsecureCerts: false, browserName: chrome, chrome.switches: --start-maximized;--test-ty..., goog:chromeOptions: {args: [--start-maximized, --test-type, --no-sandbox, --ignore-certificate-errors..., --disable-popup-blocking, --disable-default-apps, --disable-extensions-file-a..., --incognito, --disable-infobars, --disable-gpu, --enable-automation, --test-type], extensions: []}, platform: ANY, version: }
Starting ChromeDriver 92.0.4515.107 (87a818b10553a07434ea9e2b6dccf3cbe7895134-refs/branch-heads/4515@{#1634}) on port 7680
Only local connections are allowed.
Please see https://chromedriver.chromium.org/security-considerations for suggestions on keeping ChromeDriver safe.
ChromeDriver was started successfully.
dic 29, 2021 2:42:00 PM org.openqa.selenium.remote.ProtocolHandshake createSession
INFORMACIÓN: Detected dialect: W3C
[Test worker] ERROR net.thucydides.core.steps.ConsoleLoggingListener - 
           __  _____ _____ ____ _____   _____ _    ___ _     _____ ____  
  _       / / |_   _| ____/ ___|_   _| |  ___/ \  |_ _| |   | ____|  _ \ 
 (_)_____| |    | | |  _| \___ \ | |   | |_ / _ \  | || |   |  _| | | | |
  _|_____| |    | | | |___ ___) || |   |  _/ ___ \ | || |___| |___| |_| |
 (_)     | |    |_| |_____|____/ |_|   |_|/_/   \_\___|_____|_____|____/ 
          \_\                                                            

TEST FAILED: Successful call reasons Service Request Not Catastrophic Event
--------------------------------------------------------------------------
[Test worker] ERROR net.thucydides.core.steps.ConsoleLoggingListener - TEST FAILED AT STEP Then I view the modal save call reasons parameterization Registro guardado correctamente
[Test worker] ERROR net.thucydides.core.steps.ConsoleLoggingListener - Expecting This the toast validation with text value that is equal to: <"Registro guardado correctamente">But got.............................................................: <"No se puede guardar, Ya se encuentra parametrizado un servicio de llamada con el mismo nombre">
]]></system-err>
</testsuite>
