<?xml version="1.0" encoding="UTF-8"?>
<testsuite name="Page create case" tests="1" skipped="0" failures="1" errors="0" timestamp="2022-02-15T15:10:07" hostname="ANKCRM38M" time="20.649">
  <properties/>
  <testcase name="Successful case creation" classname="Page create case" time="20.649">
    <failure message="java.lang.IllegalArgumentException: Could not find a matching constructor for class class co.konecta.sura.certificate.Tareas.Casos.casetask.Case with parameters [co.konecta.sura.certificate.Tareas.Casos.casetask.CaseModel@12c4435]" type="java.lang.IllegalArgumentException">java.lang.IllegalArgumentException: Could not find a matching constructor for class class co.konecta.sura.certificate.Tareas.Casos.casetask.Case with parameters [co.konecta.sura.certificate.Tareas.Casos.casetask.CaseModel@12c4435]
	at net.thucydides.core.steps.StepFactory.argumentTypesFrom(StepFactory.java:222)
	at net.thucydides.core.steps.StepFactory.immutableStepLibrary(StepFactory.java:212)
	at net.thucydides.core.steps.StepFactory.createProxyStepLibrary(StepFactory.java:203)
	at net.thucydides.core.steps.StepFactory.instantiateUniqueStepLibraryFor(StepFactory.java:179)
	at net.thucydides.core.steps.StepFactory.getUniqueStepLibraryFor(StepFactory.java:115)
	at net.serenitybdd.screenplay.Tasks.instrumented(Tasks.java:12)
	at co.konecta.sura.certificate.Tareas.Casos.casetask.Case.whitDataCase(Case.java:63)
	at co.konecta.sura.certificate.stepsdefinitions.Casos.CaseStepsDefinitions.iTypeInformationInTheFieldAddressDetail(CaseStepsDefinitions.java:135)
	at ✽.I type information in the field address detail xxx(src/test/resources/features/case.feature:23)
</failure>
  </testcase>
  <system-out><![CDATA[]]></system-out>
  <system-err><![CDATA[feb 15, 2022 10:10:07 AM org.openqa.selenium.remote.DesiredCapabilities chrome
INFORMACIÓN: Using `new ChromeOptions()` is preferred to `DesiredCapabilities.chrome()`
[Test worker] INFO net.serenitybdd.core.webdriver.driverproviders.ProvideNewDriver - Instantiating driver
[Test worker] INFO net.serenitybdd.core.webdriver.driverproviders.ProvideNewDriver - Driver capabilities: Capabilities {acceptInsecureCerts: false, browserName: chrome, chrome.switches: --start-maximized;--test-ty..., goog:chromeOptions: {args: [--start-maximized, --test-type, --no-sandbox, --ignore-certificate-errors..., --disable-popup-blocking, --disable-default-apps, --disable-extensions-file-a..., --incognito, --disable-infobars, --disable-gpu, --enable-automation, --test-type], extensions: []}, platform: ANY, version: }
Starting ChromeDriver 92.0.4515.107 (87a818b10553a07434ea9e2b6dccf3cbe7895134-refs/branch-heads/4515@{#1634}) on port 28924
Only local connections are allowed.
Please see https://chromedriver.chromium.org/security-considerations for suggestions on keeping ChromeDriver safe.
ChromeDriver was started successfully.
feb 15, 2022 10:10:11 AM org.openqa.selenium.remote.ProtocolHandshake createSession
INFORMACIÓN: Detected dialect: W3C
[Test worker] ERROR net.thucydides.core.steps.ConsoleLoggingListener - 
           __  _____ _____ ____ _____   _____ _    ___ _     _____ ____  
  _       / / |_   _| ____/ ___|_   _| |  ___/ \  |_ _| |   | ____|  _ \ 
 (_)_____| |    | | |  _| \___ \ | |   | |_ / _ \  | || |   |  _| | | | |
  _|_____| |    | | | |___ ___) || |   |  _/ ___ \ | || |___| |___| |_| |
 (_)     | |    |_| |_____|____/ |_|   |_|/_/   \_\___|_____|_____|____/ 
          \_\                                                            

TEST FAILED WITH ERROR: Successful case creation
---------------------------------------------------------------------
[Test worker] ERROR net.thucydides.core.steps.ConsoleLoggingListener - TEST FAILED AT STEP And I type information in the field address detail xxx
[Test worker] ERROR net.thucydides.core.steps.ConsoleLoggingListener - Could not find a matching constructor for class class co.konecta.sura.certificate.Tareas.Casos.casetask.Case with parameters [co.konecta.sura.certificate.Tareas.Casos.casetask.CaseModel@12c4435]
]]></system-err>
</testsuite>
