<?xml version="1.0" encoding="UTF-8"?>
<testsuite name="Creacion, Edicion, Asociacion y Eliminar lista de Roles" tests="1" skipped="0" failures="1" errors="0" timestamp="2022-02-07T20:39:58" hostname="ANKCRM38M" time="38.235">
  <properties/>
  <testcase name="Asociacion Exitosa de Usuario Rol" classname="Creacion, Edicion, Asociacion y Eliminar lista de Roles" time="38.235">
    <failure message="java.lang.AssertionError: &#10;Expecting This the toast validation with text value that is equal to: &lt;&quot;Registro guardado correctamente&quot;&gt;&#10;But got.............................................................: &lt;&quot;Registros guardados correctamente&quot;&gt;" type="java.lang.AssertionError">java.lang.AssertionError: 
Expecting This the toast validation with text value that is equal to: &lt;&quot;Registro guardado correctamente&quot;&gt;
But got.............................................................: &lt;&quot;Registros guardados correctamente&quot;&gt;
	at net.serenitybdd.screenplay.ensure.PerformableExpectation.performAs(Ensure.kt:49)
	at net.serenitybdd.screenplay.Actor.performTask(Actor.java:232)
	at net.serenitybdd.screenplay.Actor.perform(Actor.java:213)
	at net.serenitybdd.screenplay.Actor.performWithoutReporting(Actor.java:197)
	at net.serenitybdd.screenplay.Actor.attemptsTo(Actor.java:168)
	at co.konecta.sura.certificate.stepsdefinitions.Casos.LoginStepsDefinitions.SeVisualizaMensajeDeLaModal(LoginStepsDefinitions.java:57)
	at ✽.Se visualiza mensaje de la modalRegistro guardado correctamente(src/test/resources/features/RolesListarRoles.feature:60)
</failure>
  </testcase>
  <system-out><![CDATA[]]></system-out>
  <system-err><![CDATA[feb 07, 2022 3:39:59 PM org.openqa.selenium.remote.DesiredCapabilities chrome
INFORMACIÓN: Using `new ChromeOptions()` is preferred to `DesiredCapabilities.chrome()`
[Test worker] INFO net.serenitybdd.core.webdriver.driverproviders.ProvideNewDriver - Instantiating driver
[Test worker] INFO net.serenitybdd.core.webdriver.driverproviders.ProvideNewDriver - Driver capabilities: Capabilities {acceptInsecureCerts: false, browserName: chrome, chrome.switches: --start-maximized;--test-ty..., goog:chromeOptions: {args: [--start-maximized, --test-type, --no-sandbox, --ignore-certificate-errors..., --disable-popup-blocking, --disable-default-apps, --disable-extensions-file-a..., --incognito, --disable-infobars, --disable-gpu, --enable-automation, --test-type], extensions: []}, platform: ANY, version: }
Starting ChromeDriver 92.0.4515.107 (87a818b10553a07434ea9e2b6dccf3cbe7895134-refs/branch-heads/4515@{#1634}) on port 26809
Only local connections are allowed.
Please see https://chromedriver.chromium.org/security-considerations for suggestions on keeping ChromeDriver safe.
ChromeDriver was started successfully.
feb 07, 2022 3:40:02 PM org.openqa.selenium.remote.ProtocolHandshake createSession
INFORMACIÓN: Detected dialect: W3C
[Test worker] ERROR net.thucydides.core.steps.ConsoleLoggingListener - 
           __  _____ _____ ____ _____   _____ _    ___ _     _____ ____  
  _       / / |_   _| ____/ ___|_   _| |  ___/ \  |_ _| |   | ____|  _ \ 
 (_)_____| |    | | |  _| \___ \ | |   | |_ / _ \  | || |   |  _| | | | |
  _|_____| |    | | | |___ ___) || |   |  _/ ___ \ | || |___| |___| |_| |
 (_)     | |    |_| |_____|____/ |_|   |_|/_/   \_\___|_____|_____|____/ 
          \_\                                                            

TEST FAILED: Asociacion Exitosa de Usuario Rol
--------------------------------------------------------------------------
[Test worker] ERROR net.thucydides.core.steps.ConsoleLoggingListener - TEST FAILED AT STEP Then Se visualiza mensaje de la modalRegistro guardado correctamente
[Test worker] ERROR net.thucydides.core.steps.ConsoleLoggingListener - Expecting This the toast validation with text value that is equal to: <"Registro guardado correctamente">But got.............................................................: <"Registros guardados correctamente">
]]></system-err>
</testsuite>
