<?xml version="1.0" encoding="UTF-8"?>
<testsuite name="Page submodule documentation CNM" tests="1" skipped="0" failures="1" errors="0" timestamp="2022-02-18T19:52:54" hostname="ANMEUCCI07M" time="52.002">
  <properties/>
  <testcase name="Successful documentation CNM submodule" classname="Page submodule documentation CNM" time="52.002">
    <failure message="java.lang.AssertionError: &#10;Expecting This the toast validation with text value that is equal to: &lt;&quot;Registro guardado correctamente&quot;&gt;&#10;But got.............................................................: &lt;&quot;Todos los campos son obligatorios&quot;&gt;" type="java.lang.AssertionError">java.lang.AssertionError: 
Expecting This the toast validation with text value that is equal to: &lt;&quot;Registro guardado correctamente&quot;&gt;
But got.............................................................: &lt;&quot;Todos los campos son obligatorios&quot;&gt;
	at net.serenitybdd.screenplay.ensure.PerformableExpectation.performAs(Ensure.kt:49)
	at net.serenitybdd.screenplay.Actor.performTask(Actor.java:232)
	at net.serenitybdd.screenplay.Actor.perform(Actor.java:213)
	at net.serenitybdd.screenplay.Actor.performWithoutReporting(Actor.java:197)
	at net.serenitybdd.screenplay.Actor.attemptsTo(Actor.java:168)
	at co.konecta.sura.certificate.stepsdefinitions.Casos.LoginStepsDefinitions.SeVisualizaMensajeDeLaModal(LoginStepsDefinitions.java:52)
	at ✽.Se visualiza mensaje de la modalRegistro guardado correctamente(src/test/resources/features/SubmoduloDocumentacionCNM.feature:13)
</failure>
  </testcase>
  <system-out><![CDATA[]]></system-out>
  <system-err><![CDATA[feb 18, 2022 2:52:55 PM org.openqa.selenium.remote.DesiredCapabilities chrome
INFORMACIÓN: Using `new ChromeOptions()` is preferred to `DesiredCapabilities.chrome()`
[Test worker] INFO net.serenitybdd.core.webdriver.driverproviders.ProvideNewDriver - Instantiating driver
[Test worker] INFO net.serenitybdd.core.webdriver.driverproviders.ProvideNewDriver - Driver capabilities: Capabilities {acceptInsecureCerts: false, browserName: chrome, chrome.switches: --start-maximized;--test-ty..., goog:chromeOptions: {args: [--start-maximized, --test-type, --no-sandbox, --ignore-certificate-errors..., --disable-popup-blocking, --disable-default-apps, --disable-extensions-file-a..., --incognito, --disable-infobars, --disable-gpu, --enable-automation, --test-type], extensions: []}, platform: ANY, version: }
Starting ChromeDriver 96.0.4664.45 (76e4c1bb2ab4671b8beba3444e61c0f17584b2fc-refs/branch-heads/4664@{#947}) on port 29375
Only local connections are allowed.
Please see https://chromedriver.chromium.org/security-considerations for suggestions on keeping ChromeDriver safe.
ChromeDriver was started successfully.
feb 18, 2022 2:53:05 PM org.openqa.selenium.remote.ProtocolHandshake createSession
INFORMACIÓN: Detected dialect: W3C
[Test worker] ERROR net.thucydides.core.steps.ConsoleLoggingListener - 
           __  _____ _____ ____ _____   _____ _    ___ _     _____ ____  
  _       / / |_   _| ____/ ___|_   _| |  ___/ \  |_ _| |   | ____|  _ \ 
 (_)_____| |    | | |  _| \___ \ | |   | |_ / _ \  | || |   |  _| | | | |
  _|_____| |    | | | |___ ___) || |   |  _/ ___ \ | || |___| |___| |_| |
 (_)     | |    |_| |_____|____/ |_|   |_|/_/   \_\___|_____|_____|____/ 
          \_\                                                            

TEST FAILED: Successful documentation CNM submodule
--------------------------------------------------------------------------
[Test worker] ERROR net.thucydides.core.steps.ConsoleLoggingListener - TEST FAILED AT STEP Then Se visualiza mensaje de la modalRegistro guardado correctamente
[Test worker] ERROR net.thucydides.core.steps.ConsoleLoggingListener - Expecting This the toast validation with text value that is equal to: <"Registro guardado correctamente">But got.............................................................: <"Todos los campos son obligatorios">
]]></system-err>
</testsuite>
