<?xml version="1.0" encoding="UTF-8"?>
<testsuite name="Lists parameterization" tests="1" skipped="0" failures="1" errors="0" timestamp="2022-01-11T20:38:25" hostname="ANKCRM38M" time="32.585">
  <properties/>
  <testcase name="Successful lists parameterization" classname="Lists parameterization" time="32.585">
    <failure message="java.lang.AssertionError: &#10;Expecting This the toast validation with text value that is equal to: &lt;&quot;Registros guardados correctamente&quot;&gt;&#10;But got.............................................................: &lt;&quot;Parametrización ya existente.&quot;&gt;" type="java.lang.AssertionError">java.lang.AssertionError: 
Expecting This the toast validation with text value that is equal to: &lt;&quot;Registros guardados correctamente&quot;&gt;
But got.............................................................: &lt;&quot;Parametrización ya existente.&quot;&gt;
	at net.serenitybdd.screenplay.ensure.PerformableExpectation.performAs(Ensure.kt:49)
	at net.serenitybdd.screenplay.Actor.performTask(Actor.java:232)
	at net.serenitybdd.screenplay.Actor.perform(Actor.java:213)
	at net.serenitybdd.screenplay.Actor.performWithoutReporting(Actor.java:197)
	at net.serenitybdd.screenplay.Actor.attemptsTo(Actor.java:168)
	at co.konecta.sura.certificate.stepsdefinitions.parameterization.ListsParameterizationStepsDefinitions.iViewTheModalSaveListsParameterizationWith(ListsParameterizationStepsDefinitions.java:92)
	at ✽.I view the modal save lists parameterization with Registros guardados correctamente(src/test/resources/features/listsparameterization.feature:16)
</failure>
  </testcase>
  <system-out><![CDATA[]]></system-out>
  <system-err><![CDATA[ene 11, 2022 3:38:25 PM org.openqa.selenium.remote.DesiredCapabilities chrome
INFORMACIÓN: Using `new ChromeOptions()` is preferred to `DesiredCapabilities.chrome()`
[Test worker] INFO net.serenitybdd.core.webdriver.driverproviders.ProvideNewDriver - Instantiating driver
[Test worker] INFO net.serenitybdd.core.webdriver.driverproviders.ProvideNewDriver - Driver capabilities: Capabilities {acceptInsecureCerts: false, browserName: chrome, chrome.switches: --start-maximized;--test-ty..., goog:chromeOptions: {args: [--start-maximized, --test-type, --no-sandbox, --ignore-certificate-errors..., --disable-popup-blocking, --disable-default-apps, --disable-extensions-file-a..., --incognito, --disable-infobars, --disable-gpu, --enable-automation, --test-type], extensions: []}, platform: ANY, version: }
Starting ChromeDriver 92.0.4515.107 (87a818b10553a07434ea9e2b6dccf3cbe7895134-refs/branch-heads/4515@{#1634}) on port 14920
Only local connections are allowed.
Please see https://chromedriver.chromium.org/security-considerations for suggestions on keeping ChromeDriver safe.
ChromeDriver was started successfully.
ene 11, 2022 3:38:29 PM org.openqa.selenium.remote.ProtocolHandshake createSession
INFORMACIÓN: Detected dialect: W3C
[Test worker] ERROR net.thucydides.core.steps.ConsoleLoggingListener - 
           __  _____ _____ ____ _____   _____ _    ___ _     _____ ____  
  _       / / |_   _| ____/ ___|_   _| |  ___/ \  |_ _| |   | ____|  _ \ 
 (_)_____| |    | | |  _| \___ \ | |   | |_ / _ \  | || |   |  _| | | | |
  _|_____| |    | | | |___ ___) || |   |  _/ ___ \ | || |___| |___| |_| |
 (_)     | |    |_| |_____|____/ |_|   |_|/_/   \_\___|_____|_____|____/ 
          \_\                                                            

TEST FAILED: Successful lists parameterization
--------------------------------------------------------------------------
[Test worker] ERROR net.thucydides.core.steps.ConsoleLoggingListener - TEST FAILED AT STEP Then I view the modal save lists parameterization with Registros guardados correctamente
[Test worker] ERROR net.thucydides.core.steps.ConsoleLoggingListener - Expecting This the toast validation with text value that is equal to: <"Registros guardados correctamente">But got.............................................................: <"Parametrización ya existente.">
]]></system-err>
</testsuite>
